<?xml version="1.0" encoding="UTF-8"?>
<testsuite xmlns:xsi="http://www.w3.org/2001/XMLSchema-instance" xsi:noNamespaceSchemaLocation="https://maven.apache.org/surefire/maven-surefire-plugin/xsd/surefire-test-report.xsd" name="com.marionete.service.service.impl.AccountServiceImplTest" time="0.023" tests="2" errors="0" skipped="0" failures="0">
  <properties>
    <property name="gopherProxySet" value="false"/>
    <property name="awt.toolkit" value="sun.lwawt.macosx.LWCToolkit"/>
    <property name="java.specification.version" value="11"/>
    <property name="sun.cpu.isalist" value=""/>
    <property name="sun.jnu.encoding" value="UTF-8"/>
    <property name="java.class.path" value="/Users/lokesh.jain/Documents/Lokesh/personal-projects/marionete/service/target/test-classes:/Users/lokesh.jain/Documents/Lokesh/personal-projects/marionete/service/target/classes:/Users/lokesh.jain/.m2/repository/com/marionete/backends/1.0/backends-1.0.jar:/Users/lokesh.jain/.m2/repository/org/scala-lang/scala-library/2.12.8/scala-library-2.12.8.jar:/Users/lokesh.jain/.m2/repository/com/twitter/finagle-http_2.12/21.9.0/finagle-http_2.12-21.9.0.jar:/Users/lokesh.jain/.m2/repository/com/twitter/finagle-base-http_2.12/21.9.0/finagle-base-http_2.12-21.9.0.jar:/Users/lokesh.jain/.m2/repository/com/twitter/finagle-core_2.12/21.9.0/finagle-core_2.12-21.9.0.jar:/Users/lokesh.jain/.m2/repository/com/twitter/finagle-init_2.12/21.9.0/finagle-init_2.12-21.9.0.jar:/Users/lokesh.jain/.m2/repository/com/twitter/util-hashing_2.12/21.9.0/util-hashing_2.12-21.9.0.jar:/Users/lokesh.jain/.m2/repository/com/twitter/util-lint_2.12/21.9.0/util-lint_2.12-21.9.0.jar:/Users/lokesh.jain/.m2/repository/com/twitter/util-registry_2.12/21.9.0/util-registry_2.12-21.9.0.jar:/Users/lokesh.jain/.m2/repository/com/twitter/util-routing_2.12/21.9.0/util-routing_2.12-21.9.0.jar:/Users/lokesh.jain/.m2/repository/com/twitter/util-slf4j-api_2.12/21.9.0/util-slf4j-api_2.12-21.9.0.jar:/Users/lokesh.jain/.m2/repository/com/twitter/util-security_2.12/21.9.0/util-security_2.12-21.9.0.jar:/Users/lokesh.jain/.m2/repository/com/twitter/util-tunable_2.12/21.9.0/util-tunable_2.12-21.9.0.jar:/Users/lokesh.jain/.m2/repository/com/github/ben-manes/caffeine/caffeine/2.9.3/caffeine-2.9.3.jar:/Users/lokesh.jain/.m2/repository/org/checkerframework/checker-qual/3.19.0/checker-qual-3.19.0.jar:/Users/lokesh.jain/.m2/repository/org/hdrhistogram/HdrHistogram/2.1.11/HdrHistogram-2.1.11.jar:/Users/lokesh.jain/.m2/repository/io/netty/netty-codec-http/4.1.79.Final/netty-codec-http-4.1.79.Final.jar:/Users/lokesh.jain/.m2/repository/io/netty/netty-common/4.1.79.Final/netty-common-4.1.79.Final.jar:/Users/lokesh.jain/.m2/repository/io/netty/netty-buffer/4.1.79.Final/netty-buffer-4.1.79.Final.jar:/Users/lokesh.jain/.m2/repository/io/netty/netty-codec/4.1.79.Final/netty-codec-4.1.79.Final.jar:/Users/lokesh.jain/.m2/repository/io/netty/netty-handler/4.1.79.Final/netty-handler-4.1.79.Final.jar:/Users/lokesh.jain/.m2/repository/io/netty/netty-resolver/4.1.79.Final/netty-resolver-4.1.79.Final.jar:/Users/lokesh.jain/.m2/repository/io/netty/netty-transport/4.1.79.Final/netty-transport-4.1.79.Final.jar:/Users/lokesh.jain/.m2/repository/io/netty/netty-transport-native-epoll/4.1.79.Final/netty-transport-native-epoll-4.1.79.Final-linux-x86_64.jar:/Users/lokesh.jain/.m2/repository/io/netty/netty-transport-classes-epoll/4.1.79.Final/netty-transport-classes-epoll-4.1.79.Final.jar:/Users/lokesh.jain/.m2/repository/io/netty/netty-transport-native-epoll/4.1.79.Final/netty-transport-native-epoll-4.1.79.Final-linux-aarch_64.jar:/Users/lokesh.jain/.m2/repository/io/netty/netty-transport-native-unix-common/4.1.79.Final/netty-transport-native-unix-common-4.1.79.Final.jar:/Users/lokesh.jain/.m2/repository/io/netty/netty-handler-proxy/4.1.79.Final/netty-handler-proxy-4.1.79.Final.jar:/Users/lokesh.jain/.m2/repository/io/netty/netty-codec-socks/4.1.79.Final/netty-codec-socks-4.1.79.Final.jar:/Users/lokesh.jain/.m2/repository/com/twitter/finagle-netty4-http_2.12/21.9.0/finagle-netty4-http_2.12-21.9.0.jar:/Users/lokesh.jain/.m2/repository/com/twitter/finagle-netty4_2.12/21.9.0/finagle-netty4_2.12-21.9.0.jar:/Users/lokesh.jain/.m2/repository/com/twitter/util-app_2.12/21.9.0/util-app_2.12-21.9.0.jar:/Users/lokesh.jain/.m2/repository/com/twitter/util-app-lifecycle_2.12/21.9.0/util-app-lifecycle_2.12-21.9.0.jar:/Users/lokesh.jain/.m2/repository/com/twitter/util-core_2.12/21.9.0/util-core_2.12-21.9.0.jar:/Users/lokesh.jain/.m2/repository/com/twitter/util-function_2.12/21.9.0/util-function_2.12-21.9.0.jar:/Users/lokesh.jain/.m2/repository/org/scala-lang/scala-reflect/2.12.12/scala-reflect-2.12.12.jar:/Users/lokesh.jain/.m2/repository/org/scala-lang/modules/scala-parser-combinators_2.12/1.1.2/scala-parser-combinators_2.12-1.1.2.jar:/Users/lokesh.jain/.m2/repository/com/twitter/util-jvm_2.12/21.9.0/util-jvm_2.12-21.9.0.jar:/Users/lokesh.jain/.m2/repository/com/twitter/util-stats_2.12/21.9.0/util-stats_2.12-21.9.0.jar:/Users/lokesh.jain/.m2/repository/com/twitter/finagle-http2_2.12/21.9.0/finagle-http2_2.12-21.9.0.jar:/Users/lokesh.jain/.m2/repository/io/netty/netty-codec-http2/4.1.79.Final/netty-codec-http2-4.1.79.Final.jar:/Users/lokesh.jain/.m2/repository/com/twitter/util-cache_2.12/21.9.0/util-cache_2.12-21.9.0.jar:/Users/lokesh.jain/.m2/repository/com/twitter/finagle-toggle_2.12/21.9.0/finagle-toggle_2.12-21.9.0.jar:/Users/lokesh.jain/.m2/repository/com/fasterxml/jackson/core/jackson-core/2.13.3/jackson-core-2.13.3.jar:/Users/lokesh.jain/.m2/repository/com/fasterxml/jackson/module/jackson-module-scala_2.12/2.13.3/jackson-module-scala_2.12-2.13.3.jar:/Users/lokesh.jain/.m2/repository/com/thoughtworks/paranamer/paranamer/2.8/paranamer-2.8.jar:/Users/lokesh.jain/.m2/repository/org/scala-lang/modules/scala-collection-compat_2.12/2.1.2/scala-collection-compat_2.12-2.1.2.jar:/Users/lokesh.jain/.m2/repository/com/twitter/util-codec_2.12/21.9.0/util-codec_2.12-21.9.0.jar:/Users/lokesh.jain/.m2/repository/com/twitter/util-logging_2.12/21.9.0/util-logging_2.12-21.9.0.jar:/Users/lokesh.jain/.m2/repository/io/netty/netty-tcnative-boringssl-static/2.0.53.Final/netty-tcnative-boringssl-static-2.0.53.Final.jar:/Users/lokesh.jain/.m2/repository/io/netty/netty-tcnative-classes/2.0.53.Final/netty-tcnative-classes-2.0.53.Final.jar:/Users/lokesh.jain/.m2/repository/io/netty/netty-tcnative-boringssl-static/2.0.53.Final/netty-tcnative-boringssl-static-2.0.53.Final-linux-x86_64.jar:/Users/lokesh.jain/.m2/repository/io/netty/netty-tcnative-boringssl-static/2.0.53.Final/netty-tcnative-boringssl-static-2.0.53.Final-linux-aarch_64.jar:/Users/lokesh.jain/.m2/repository/io/netty/netty-tcnative-boringssl-static/2.0.53.Final/netty-tcnative-boringssl-static-2.0.53.Final-osx-x86_64.jar:/Users/lokesh.jain/.m2/repository/io/netty/netty-tcnative-boringssl-static/2.0.53.Final/netty-tcnative-boringssl-static-2.0.53.Final-osx-aarch_64.jar:/Users/lokesh.jain/.m2/repository/io/netty/netty-tcnative-boringssl-static/2.0.53.Final/netty-tcnative-boringssl-static-2.0.53.Final-windows-x86_64.jar:/Users/lokesh.jain/.m2/repository/io/grpc/grpc-netty-shaded/1.41.0/grpc-netty-shaded-1.41.0.jar:/Users/lokesh.jain/.m2/repository/com/google/guava/guava/30.1-android/guava-30.1-android.jar:/Users/lokesh.jain/.m2/repository/com/google/guava/failureaccess/1.0.1/failureaccess-1.0.1.jar:/Users/lokesh.jain/.m2/repository/com/google/guava/listenablefuture/9999.0-empty-to-avoid-conflict-with-guava/listenablefuture-9999.0-empty-to-avoid-conflict-with-guava.jar:/Users/lokesh.jain/.m2/repository/org/checkerframework/checker-compat-qual/2.5.5/checker-compat-qual-2.5.5.jar:/Users/lokesh.jain/.m2/repository/com/google/j2objc/j2objc-annotations/1.3/j2objc-annotations-1.3.jar:/Users/lokesh.jain/.m2/repository/com/google/errorprone/error_prone_annotations/2.9.0/error_prone_annotations-2.9.0.jar:/Users/lokesh.jain/.m2/repository/io/perfmark/perfmark-api/0.23.0/perfmark-api-0.23.0.jar:/Users/lokesh.jain/.m2/repository/io/grpc/grpc-core/1.41.0/grpc-core-1.41.0.jar:/Users/lokesh.jain/.m2/repository/com/google/code/gson/gson/2.9.0/gson-2.9.0.jar:/Users/lokesh.jain/.m2/repository/com/google/android/annotations/4.1.1.4/annotations-4.1.1.4.jar:/Users/lokesh.jain/.m2/repository/org/codehaus/mojo/animal-sniffer-annotations/1.19/animal-sniffer-annotations-1.19.jar:/Users/lokesh.jain/.m2/repository/io/grpc/grpc-protobuf/1.41.0/grpc-protobuf-1.41.0.jar:/Users/lokesh.jain/.m2/repository/io/grpc/grpc-api/1.41.0/grpc-api-1.41.0.jar:/Users/lokesh.jain/.m2/repository/io/grpc/grpc-context/1.41.0/grpc-context-1.41.0.jar:/Users/lokesh.jain/.m2/repository/com/google/code/findbugs/jsr305/3.0.2/jsr305-3.0.2.jar:/Users/lokesh.jain/.m2/repository/com/google/protobuf/protobuf-java/3.17.2/protobuf-java-3.17.2.jar:/Users/lokesh.jain/.m2/repository/com/google/api/grpc/proto-google-common-protos/2.0.1/proto-google-common-protos-2.0.1.jar:/Users/lokesh.jain/.m2/repository/io/grpc/grpc-protobuf-lite/1.41.0/grpc-protobuf-lite-1.41.0.jar:/Users/lokesh.jain/.m2/repository/io/grpc/grpc-stub/1.41.0/grpc-stub-1.41.0.jar:/Users/lokesh.jain/.m2/repository/org/springframework/boot/spring-boot-starter-data-rest/2.7.2/spring-boot-starter-data-rest-2.7.2.jar:/Users/lokesh.jain/.m2/repository/org/springframework/data/spring-data-rest-webmvc/3.7.2/spring-data-rest-webmvc-3.7.2.jar:/Users/lokesh.jain/.m2/repository/org/springframework/data/spring-data-rest-core/3.7.2/spring-data-rest-core-3.7.2.jar:/Users/lokesh.jain/.m2/repository/org/springframework/spring-tx/5.3.22/spring-tx-5.3.22.jar:/Users/lokesh.jain/.m2/repository/org/springframework/hateoas/spring-hateoas/1.5.1/spring-hateoas-1.5.1.jar:/Users/lokesh.jain/.m2/repository/org/springframework/data/spring-data-commons/2.7.2/spring-data-commons-2.7.2.jar:/Users/lokesh.jain/.m2/repository/org/springframework/plugin/spring-plugin-core/2.0.0.RELEASE/spring-plugin-core-2.0.0.RELEASE.jar:/Users/lokesh.jain/.m2/repository/org/atteo/evo-inflector/1.3/evo-inflector-1.3.jar:/Users/lokesh.jain/.m2/repository/com/fasterxml/jackson/core/jackson-databind/2.13.3/jackson-databind-2.13.3.jar:/Users/lokesh.jain/.m2/repository/com/fasterxml/jackson/core/jackson-annotations/2.13.3/jackson-annotations-2.13.3.jar:/Users/lokesh.jain/.m2/repository/org/slf4j/slf4j-api/1.7.36/slf4j-api-1.7.36.jar:/Users/lokesh.jain/.m2/repository/org/springframework/boot/spring-boot-starter-web/2.7.2/spring-boot-starter-web-2.7.2.jar:/Users/lokesh.jain/.m2/repository/org/springframework/boot/spring-boot-starter/2.7.2/spring-boot-starter-2.7.2.jar:/Users/lokesh.jain/.m2/repository/org/springframework/boot/spring-boot/2.7.2/spring-boot-2.7.2.jar:/Users/lokesh.jain/.m2/repository/org/springframework/boot/spring-boot-autoconfigure/2.7.2/spring-boot-autoconfigure-2.7.2.jar:/Users/lokesh.jain/.m2/repository/org/springframework/boot/spring-boot-starter-logging/2.7.2/spring-boot-starter-logging-2.7.2.jar:/Users/lokesh.jain/.m2/repository/ch/qos/logback/logback-classic/1.2.11/logback-classic-1.2.11.jar:/Users/lokesh.jain/.m2/repository/ch/qos/logback/logback-core/1.2.11/logback-core-1.2.11.jar:/Users/lokesh.jain/.m2/repository/org/apache/logging/log4j/log4j-to-slf4j/2.17.2/log4j-to-slf4j-2.17.2.jar:/Users/lokesh.jain/.m2/repository/org/apache/logging/log4j/log4j-api/2.17.2/log4j-api-2.17.2.jar:/Users/lokesh.jain/.m2/repository/org/slf4j/jul-to-slf4j/1.7.36/jul-to-slf4j-1.7.36.jar:/Users/lokesh.jain/.m2/repository/jakarta/annotation/jakarta.annotation-api/1.3.5/jakarta.annotation-api-1.3.5.jar:/Users/lokesh.jain/.m2/repository/org/yaml/snakeyaml/1.30/snakeyaml-1.30.jar:/Users/lokesh.jain/.m2/repository/org/springframework/boot/spring-boot-starter-json/2.7.2/spring-boot-starter-json-2.7.2.jar:/Users/lokesh.jain/.m2/repository/com/fasterxml/jackson/datatype/jackson-datatype-jdk8/2.13.3/jackson-datatype-jdk8-2.13.3.jar:/Users/lokesh.jain/.m2/repository/com/fasterxml/jackson/datatype/jackson-datatype-jsr310/2.13.3/jackson-datatype-jsr310-2.13.3.jar:/Users/lokesh.jain/.m2/repository/com/fasterxml/jackson/module/jackson-module-parameter-names/2.13.3/jackson-module-parameter-names-2.13.3.jar:/Users/lokesh.jain/.m2/repository/org/springframework/boot/spring-boot-starter-tomcat/2.7.2/spring-boot-starter-tomcat-2.7.2.jar:/Users/lokesh.jain/.m2/repository/org/apache/tomcat/embed/tomcat-embed-core/9.0.65/tomcat-embed-core-9.0.65.jar:/Users/lokesh.jain/.m2/repository/org/apache/tomcat/embed/tomcat-embed-websocket/9.0.65/tomcat-embed-websocket-9.0.65.jar:/Users/lokesh.jain/.m2/repository/org/springframework/spring-web/5.3.22/spring-web-5.3.22.jar:/Users/lokesh.jain/.m2/repository/org/springframework/spring-beans/5.3.22/spring-beans-5.3.22.jar:/Users/lokesh.jain/.m2/repository/org/springframework/spring-webmvc/5.3.22/spring-webmvc-5.3.22.jar:/Users/lokesh.jain/.m2/repository/org/springframework/spring-aop/5.3.22/spring-aop-5.3.22.jar:/Users/lokesh.jain/.m2/repository/org/springframework/spring-context/5.3.22/spring-context-5.3.22.jar:/Users/lokesh.jain/.m2/repository/org/springframework/spring-expression/5.3.22/spring-expression-5.3.22.jar:/Users/lokesh.jain/.m2/repository/org/springframework/boot/spring-boot-starter-validation/2.7.2/spring-boot-starter-validation-2.7.2.jar:/Users/lokesh.jain/.m2/repository/org/apache/tomcat/embed/tomcat-embed-el/9.0.65/tomcat-embed-el-9.0.65.jar:/Users/lokesh.jain/.m2/repository/org/hibernate/validator/hibernate-validator/6.2.3.Final/hibernate-validator-6.2.3.Final.jar:/Users/lokesh.jain/.m2/repository/jakarta/validation/jakarta.validation-api/2.0.2/jakarta.validation-api-2.0.2.jar:/Users/lokesh.jain/.m2/repository/org/jboss/logging/jboss-logging/3.4.3.Final/jboss-logging-3.4.3.Final.jar:/Users/lokesh.jain/.m2/repository/com/fasterxml/classmate/1.5.1/classmate-1.5.1.jar:/Users/lokesh.jain/.m2/repository/org/springframework/cloud/spring-cloud-starter-openfeign/3.1.3/spring-cloud-starter-openfeign-3.1.3.jar:/Users/lokesh.jain/.m2/repository/org/springframework/cloud/spring-cloud-starter/3.1.3/spring-cloud-starter-3.1.3.jar:/Users/lokesh.jain/.m2/repository/org/springframework/cloud/spring-cloud-context/3.1.3/spring-cloud-context-3.1.3.jar:/Users/lokesh.jain/.m2/repository/org/springframework/security/spring-security-rsa/1.0.10.RELEASE/spring-security-rsa-1.0.10.RELEASE.jar:/Users/lokesh.jain/.m2/repository/org/bouncycastle/bcpkix-jdk15on/1.68/bcpkix-jdk15on-1.68.jar:/Users/lokesh.jain/.m2/repository/org/bouncycastle/bcprov-jdk15on/1.68/bcprov-jdk15on-1.68.jar:/Users/lokesh.jain/.m2/repository/org/springframework/cloud/spring-cloud-openfeign-core/3.1.3/spring-cloud-openfeign-core-3.1.3.jar:/Users/lokesh.jain/.m2/repository/org/springframework/boot/spring-boot-starter-aop/2.7.2/spring-boot-starter-aop-2.7.2.jar:/Users/lokesh.jain/.m2/repository/io/github/openfeign/form/feign-form-spring/3.8.0/feign-form-spring-3.8.0.jar:/Users/lokesh.jain/.m2/repository/io/github/openfeign/form/feign-form/3.8.0/feign-form-3.8.0.jar:/Users/lokesh.jain/.m2/repository/commons-fileupload/commons-fileupload/1.4/commons-fileupload-1.4.jar:/Users/lokesh.jain/.m2/repository/commons-io/commons-io/2.2/commons-io-2.2.jar:/Users/lokesh.jain/.m2/repository/org/springframework/cloud/spring-cloud-commons/3.1.3/spring-cloud-commons-3.1.3.jar:/Users/lokesh.jain/.m2/repository/org/springframework/security/spring-security-crypto/5.7.2/spring-security-crypto-5.7.2.jar:/Users/lokesh.jain/.m2/repository/io/github/openfeign/feign-core/11.8/feign-core-11.8.jar:/Users/lokesh.jain/.m2/repository/io/github/openfeign/feign-slf4j/11.8/feign-slf4j-11.8.jar:/Users/lokesh.jain/.m2/repository/org/springframework/retry/spring-retry/1.3.3/spring-retry-1.3.3.jar:/Users/lokesh.jain/.m2/repository/org/springframework/spring-aspects/5.3.22/spring-aspects-5.3.22.jar:/Users/lokesh.jain/.m2/repository/org/aspectj/aspectjweaver/1.9.7/aspectjweaver-1.9.7.jar:/Users/lokesh.jain/.m2/repository/org/projectlombok/lombok/1.18.24/lombok-1.18.24.jar:/Users/lokesh.jain/.m2/repository/org/springframework/boot/spring-boot-starter-test/2.7.2/spring-boot-starter-test-2.7.2.jar:/Users/lokesh.jain/.m2/repository/org/springframework/boot/spring-boot-test/2.7.2/spring-boot-test-2.7.2.jar:/Users/lokesh.jain/.m2/repository/org/springframework/boot/spring-boot-test-autoconfigure/2.7.2/spring-boot-test-autoconfigure-2.7.2.jar:/Users/lokesh.jain/.m2/repository/com/jayway/jsonpath/json-path/2.7.0/json-path-2.7.0.jar:/Users/lokesh.jain/.m2/repository/net/minidev/json-smart/2.4.8/json-smart-2.4.8.jar:/Users/lokesh.jain/.m2/repository/net/minidev/accessors-smart/2.4.8/accessors-smart-2.4.8.jar:/Users/lokesh.jain/.m2/repository/org/ow2/asm/asm/9.1/asm-9.1.jar:/Users/lokesh.jain/.m2/repository/jakarta/xml/bind/jakarta.xml.bind-api/2.3.3/jakarta.xml.bind-api-2.3.3.jar:/Users/lokesh.jain/.m2/repository/jakarta/activation/jakarta.activation-api/1.2.2/jakarta.activation-api-1.2.2.jar:/Users/lokesh.jain/.m2/repository/org/assertj/assertj-core/3.22.0/assertj-core-3.22.0.jar:/Users/lokesh.jain/.m2/repository/org/hamcrest/hamcrest/2.2/hamcrest-2.2.jar:/Users/lokesh.jain/.m2/repository/org/junit/jupiter/junit-jupiter/5.8.2/junit-jupiter-5.8.2.jar:/Users/lokesh.jain/.m2/repository/org/junit/jupiter/junit-jupiter-api/5.8.2/junit-jupiter-api-5.8.2.jar:/Users/lokesh.jain/.m2/repository/org/opentest4j/opentest4j/1.2.0/opentest4j-1.2.0.jar:/Users/lokesh.jain/.m2/repository/org/junit/platform/junit-platform-commons/1.8.2/junit-platform-commons-1.8.2.jar:/Users/lokesh.jain/.m2/repository/org/apiguardian/apiguardian-api/1.1.2/apiguardian-api-1.1.2.jar:/Users/lokesh.jain/.m2/repository/org/junit/jupiter/junit-jupiter-params/5.8.2/junit-jupiter-params-5.8.2.jar:/Users/lokesh.jain/.m2/repository/org/junit/jupiter/junit-jupiter-engine/5.8.2/junit-jupiter-engine-5.8.2.jar:/Users/lokesh.jain/.m2/repository/org/junit/platform/junit-platform-engine/1.8.2/junit-platform-engine-1.8.2.jar:/Users/lokesh.jain/.m2/repository/org/mockito/mockito-core/4.5.1/mockito-core-4.5.1.jar:/Users/lokesh.jain/.m2/repository/net/bytebuddy/byte-buddy/1.12.12/byte-buddy-1.12.12.jar:/Users/lokesh.jain/.m2/repository/net/bytebuddy/byte-buddy-agent/1.12.12/byte-buddy-agent-1.12.12.jar:/Users/lokesh.jain/.m2/repository/org/objenesis/objenesis/3.2/objenesis-3.2.jar:/Users/lokesh.jain/.m2/repository/org/mockito/mockito-junit-jupiter/4.5.1/mockito-junit-jupiter-4.5.1.jar:/Users/lokesh.jain/.m2/repository/org/skyscreamer/jsonassert/1.5.1/jsonassert-1.5.1.jar:/Users/lokesh.jain/.m2/repository/com/vaadin/external/google/android-json/0.0.20131108.vaadin1/android-json-0.0.20131108.vaadin1.jar:/Users/lokesh.jain/.m2/repository/org/springframework/spring-core/5.3.22/spring-core-5.3.22.jar:/Users/lokesh.jain/.m2/repository/org/springframework/spring-jcl/5.3.22/spring-jcl-5.3.22.jar:/Users/lokesh.jain/.m2/repository/org/springframework/spring-test/5.3.22/spring-test-5.3.22.jar:/Users/lokesh.jain/.m2/repository/org/xmlunit/xmlunit-core/2.9.0/xmlunit-core-2.9.0.jar:"/>
    <property name="java.vm.vendor" value="AdoptOpenJDK"/>
    <property name="sun.arch.data.model" value="64"/>
    <property name="java.vendor.url" value="https://adoptopenjdk.net/"/>
    <property name="user.timezone" value=""/>
    <property name="java.vm.specification.version" value="11"/>
    <property name="os.name" value="Mac OS X"/>
    <property name="sun.java.launcher" value="SUN_STANDARD"/>
    <property name="user.country" value="IN"/>
    <property name="sun.boot.library.path" value="/Library/Java/JavaVirtualMachines/adoptopenjdk-11.jdk/Contents/Home/lib"/>
    <property name="sun.java.command" value="/Users/lokesh.jain/Documents/Lokesh/personal-projects/marionete/service/target/surefire/surefirebooter5478775650435105936.jar /Users/lokesh.jain/Documents/Lokesh/personal-projects/marionete/service/target/surefire 2022-07-25T16-37-27_317-jvmRun1 surefire2125838293501060802tmp surefire_014478341479123631305tmp"/>
    <property name="http.nonProxyHosts" value="local|*.local|169.254/16|*.169.254/16"/>
    <property name="jdk.debug" value="release"/>
    <property name="surefire.test.class.path" value="/Users/lokesh.jain/Documents/Lokesh/personal-projects/marionete/service/target/test-classes:/Users/lokesh.jain/Documents/Lokesh/personal-projects/marionete/service/target/classes:/Users/lokesh.jain/.m2/repository/com/marionete/backends/1.0/backends-1.0.jar:/Users/lokesh.jain/.m2/repository/org/scala-lang/scala-library/2.12.8/scala-library-2.12.8.jar:/Users/lokesh.jain/.m2/repository/com/twitter/finagle-http_2.12/21.9.0/finagle-http_2.12-21.9.0.jar:/Users/lokesh.jain/.m2/repository/com/twitter/finagle-base-http_2.12/21.9.0/finagle-base-http_2.12-21.9.0.jar:/Users/lokesh.jain/.m2/repository/com/twitter/finagle-core_2.12/21.9.0/finagle-core_2.12-21.9.0.jar:/Users/lokesh.jain/.m2/repository/com/twitter/finagle-init_2.12/21.9.0/finagle-init_2.12-21.9.0.jar:/Users/lokesh.jain/.m2/repository/com/twitter/util-hashing_2.12/21.9.0/util-hashing_2.12-21.9.0.jar:/Users/lokesh.jain/.m2/repository/com/twitter/util-lint_2.12/21.9.0/util-lint_2.12-21.9.0.jar:/Users/lokesh.jain/.m2/repository/com/twitter/util-registry_2.12/21.9.0/util-registry_2.12-21.9.0.jar:/Users/lokesh.jain/.m2/repository/com/twitter/util-routing_2.12/21.9.0/util-routing_2.12-21.9.0.jar:/Users/lokesh.jain/.m2/repository/com/twitter/util-slf4j-api_2.12/21.9.0/util-slf4j-api_2.12-21.9.0.jar:/Users/lokesh.jain/.m2/repository/com/twitter/util-security_2.12/21.9.0/util-security_2.12-21.9.0.jar:/Users/lokesh.jain/.m2/repository/com/twitter/util-tunable_2.12/21.9.0/util-tunable_2.12-21.9.0.jar:/Users/lokesh.jain/.m2/repository/com/github/ben-manes/caffeine/caffeine/2.9.3/caffeine-2.9.3.jar:/Users/lokesh.jain/.m2/repository/org/checkerframework/checker-qual/3.19.0/checker-qual-3.19.0.jar:/Users/lokesh.jain/.m2/repository/org/hdrhistogram/HdrHistogram/2.1.11/HdrHistogram-2.1.11.jar:/Users/lokesh.jain/.m2/repository/io/netty/netty-codec-http/4.1.79.Final/netty-codec-http-4.1.79.Final.jar:/Users/lokesh.jain/.m2/repository/io/netty/netty-common/4.1.79.Final/netty-common-4.1.79.Final.jar:/Users/lokesh.jain/.m2/repository/io/netty/netty-buffer/4.1.79.Final/netty-buffer-4.1.79.Final.jar:/Users/lokesh.jain/.m2/repository/io/netty/netty-codec/4.1.79.Final/netty-codec-4.1.79.Final.jar:/Users/lokesh.jain/.m2/repository/io/netty/netty-handler/4.1.79.Final/netty-handler-4.1.79.Final.jar:/Users/lokesh.jain/.m2/repository/io/netty/netty-resolver/4.1.79.Final/netty-resolver-4.1.79.Final.jar:/Users/lokesh.jain/.m2/repository/io/netty/netty-transport/4.1.79.Final/netty-transport-4.1.79.Final.jar:/Users/lokesh.jain/.m2/repository/io/netty/netty-transport-native-epoll/4.1.79.Final/netty-transport-native-epoll-4.1.79.Final-linux-x86_64.jar:/Users/lokesh.jain/.m2/repository/io/netty/netty-transport-classes-epoll/4.1.79.Final/netty-transport-classes-epoll-4.1.79.Final.jar:/Users/lokesh.jain/.m2/repository/io/netty/netty-transport-native-epoll/4.1.79.Final/netty-transport-native-epoll-4.1.79.Final-linux-aarch_64.jar:/Users/lokesh.jain/.m2/repository/io/netty/netty-transport-native-unix-common/4.1.79.Final/netty-transport-native-unix-common-4.1.79.Final.jar:/Users/lokesh.jain/.m2/repository/io/netty/netty-handler-proxy/4.1.79.Final/netty-handler-proxy-4.1.79.Final.jar:/Users/lokesh.jain/.m2/repository/io/netty/netty-codec-socks/4.1.79.Final/netty-codec-socks-4.1.79.Final.jar:/Users/lokesh.jain/.m2/repository/com/twitter/finagle-netty4-http_2.12/21.9.0/finagle-netty4-http_2.12-21.9.0.jar:/Users/lokesh.jain/.m2/repository/com/twitter/finagle-netty4_2.12/21.9.0/finagle-netty4_2.12-21.9.0.jar:/Users/lokesh.jain/.m2/repository/com/twitter/util-app_2.12/21.9.0/util-app_2.12-21.9.0.jar:/Users/lokesh.jain/.m2/repository/com/twitter/util-app-lifecycle_2.12/21.9.0/util-app-lifecycle_2.12-21.9.0.jar:/Users/lokesh.jain/.m2/repository/com/twitter/util-core_2.12/21.9.0/util-core_2.12-21.9.0.jar:/Users/lokesh.jain/.m2/repository/com/twitter/util-function_2.12/21.9.0/util-function_2.12-21.9.0.jar:/Users/lokesh.jain/.m2/repository/org/scala-lang/scala-reflect/2.12.12/scala-reflect-2.12.12.jar:/Users/lokesh.jain/.m2/repository/org/scala-lang/modules/scala-parser-combinators_2.12/1.1.2/scala-parser-combinators_2.12-1.1.2.jar:/Users/lokesh.jain/.m2/repository/com/twitter/util-jvm_2.12/21.9.0/util-jvm_2.12-21.9.0.jar:/Users/lokesh.jain/.m2/repository/com/twitter/util-stats_2.12/21.9.0/util-stats_2.12-21.9.0.jar:/Users/lokesh.jain/.m2/repository/com/twitter/finagle-http2_2.12/21.9.0/finagle-http2_2.12-21.9.0.jar:/Users/lokesh.jain/.m2/repository/io/netty/netty-codec-http2/4.1.79.Final/netty-codec-http2-4.1.79.Final.jar:/Users/lokesh.jain/.m2/repository/com/twitter/util-cache_2.12/21.9.0/util-cache_2.12-21.9.0.jar:/Users/lokesh.jain/.m2/repository/com/twitter/finagle-toggle_2.12/21.9.0/finagle-toggle_2.12-21.9.0.jar:/Users/lokesh.jain/.m2/repository/com/fasterxml/jackson/core/jackson-core/2.13.3/jackson-core-2.13.3.jar:/Users/lokesh.jain/.m2/repository/com/fasterxml/jackson/module/jackson-module-scala_2.12/2.13.3/jackson-module-scala_2.12-2.13.3.jar:/Users/lokesh.jain/.m2/repository/com/thoughtworks/paranamer/paranamer/2.8/paranamer-2.8.jar:/Users/lokesh.jain/.m2/repository/org/scala-lang/modules/scala-collection-compat_2.12/2.1.2/scala-collection-compat_2.12-2.1.2.jar:/Users/lokesh.jain/.m2/repository/com/twitter/util-codec_2.12/21.9.0/util-codec_2.12-21.9.0.jar:/Users/lokesh.jain/.m2/repository/com/twitter/util-logging_2.12/21.9.0/util-logging_2.12-21.9.0.jar:/Users/lokesh.jain/.m2/repository/io/netty/netty-tcnative-boringssl-static/2.0.53.Final/netty-tcnative-boringssl-static-2.0.53.Final.jar:/Users/lokesh.jain/.m2/repository/io/netty/netty-tcnative-classes/2.0.53.Final/netty-tcnative-classes-2.0.53.Final.jar:/Users/lokesh.jain/.m2/repository/io/netty/netty-tcnative-boringssl-static/2.0.53.Final/netty-tcnative-boringssl-static-2.0.53.Final-linux-x86_64.jar:/Users/lokesh.jain/.m2/repository/io/netty/netty-tcnative-boringssl-static/2.0.53.Final/netty-tcnative-boringssl-static-2.0.53.Final-linux-aarch_64.jar:/Users/lokesh.jain/.m2/repository/io/netty/netty-tcnative-boringssl-static/2.0.53.Final/netty-tcnative-boringssl-static-2.0.53.Final-osx-x86_64.jar:/Users/lokesh.jain/.m2/repository/io/netty/netty-tcnative-boringssl-static/2.0.53.Final/netty-tcnative-boringssl-static-2.0.53.Final-osx-aarch_64.jar:/Users/lokesh.jain/.m2/repository/io/netty/netty-tcnative-boringssl-static/2.0.53.Final/netty-tcnative-boringssl-static-2.0.53.Final-windows-x86_64.jar:/Users/lokesh.jain/.m2/repository/io/grpc/grpc-netty-shaded/1.41.0/grpc-netty-shaded-1.41.0.jar:/Users/lokesh.jain/.m2/repository/com/google/guava/guava/30.1-android/guava-30.1-android.jar:/Users/lokesh.jain/.m2/repository/com/google/guava/failureaccess/1.0.1/failureaccess-1.0.1.jar:/Users/lokesh.jain/.m2/repository/com/google/guava/listenablefuture/9999.0-empty-to-avoid-conflict-with-guava/listenablefuture-9999.0-empty-to-avoid-conflict-with-guava.jar:/Users/lokesh.jain/.m2/repository/org/checkerframework/checker-compat-qual/2.5.5/checker-compat-qual-2.5.5.jar:/Users/lokesh.jain/.m2/repository/com/google/j2objc/j2objc-annotations/1.3/j2objc-annotations-1.3.jar:/Users/lokesh.jain/.m2/repository/com/google/errorprone/error_prone_annotations/2.9.0/error_prone_annotations-2.9.0.jar:/Users/lokesh.jain/.m2/repository/io/perfmark/perfmark-api/0.23.0/perfmark-api-0.23.0.jar:/Users/lokesh.jain/.m2/repository/io/grpc/grpc-core/1.41.0/grpc-core-1.41.0.jar:/Users/lokesh.jain/.m2/repository/com/google/code/gson/gson/2.9.0/gson-2.9.0.jar:/Users/lokesh.jain/.m2/repository/com/google/android/annotations/4.1.1.4/annotations-4.1.1.4.jar:/Users/lokesh.jain/.m2/repository/org/codehaus/mojo/animal-sniffer-annotations/1.19/animal-sniffer-annotations-1.19.jar:/Users/lokesh.jain/.m2/repository/io/grpc/grpc-protobuf/1.41.0/grpc-protobuf-1.41.0.jar:/Users/lokesh.jain/.m2/repository/io/grpc/grpc-api/1.41.0/grpc-api-1.41.0.jar:/Users/lokesh.jain/.m2/repository/io/grpc/grpc-context/1.41.0/grpc-context-1.41.0.jar:/Users/lokesh.jain/.m2/repository/com/google/code/findbugs/jsr305/3.0.2/jsr305-3.0.2.jar:/Users/lokesh.jain/.m2/repository/com/google/protobuf/protobuf-java/3.17.2/protobuf-java-3.17.2.jar:/Users/lokesh.jain/.m2/repository/com/google/api/grpc/proto-google-common-protos/2.0.1/proto-google-common-protos-2.0.1.jar:/Users/lokesh.jain/.m2/repository/io/grpc/grpc-protobuf-lite/1.41.0/grpc-protobuf-lite-1.41.0.jar:/Users/lokesh.jain/.m2/repository/io/grpc/grpc-stub/1.41.0/grpc-stub-1.41.0.jar:/Users/lokesh.jain/.m2/repository/org/springframework/boot/spring-boot-starter-data-rest/2.7.2/spring-boot-starter-data-rest-2.7.2.jar:/Users/lokesh.jain/.m2/repository/org/springframework/data/spring-data-rest-webmvc/3.7.2/spring-data-rest-webmvc-3.7.2.jar:/Users/lokesh.jain/.m2/repository/org/springframework/data/spring-data-rest-core/3.7.2/spring-data-rest-core-3.7.2.jar:/Users/lokesh.jain/.m2/repository/org/springframework/spring-tx/5.3.22/spring-tx-5.3.22.jar:/Users/lokesh.jain/.m2/repository/org/springframework/hateoas/spring-hateoas/1.5.1/spring-hateoas-1.5.1.jar:/Users/lokesh.jain/.m2/repository/org/springframework/data/spring-data-commons/2.7.2/spring-data-commons-2.7.2.jar:/Users/lokesh.jain/.m2/repository/org/springframework/plugin/spring-plugin-core/2.0.0.RELEASE/spring-plugin-core-2.0.0.RELEASE.jar:/Users/lokesh.jain/.m2/repository/org/atteo/evo-inflector/1.3/evo-inflector-1.3.jar:/Users/lokesh.jain/.m2/repository/com/fasterxml/jackson/core/jackson-databind/2.13.3/jackson-databind-2.13.3.jar:/Users/lokesh.jain/.m2/repository/com/fasterxml/jackson/core/jackson-annotations/2.13.3/jackson-annotations-2.13.3.jar:/Users/lokesh.jain/.m2/repository/org/slf4j/slf4j-api/1.7.36/slf4j-api-1.7.36.jar:/Users/lokesh.jain/.m2/repository/org/springframework/boot/spring-boot-starter-web/2.7.2/spring-boot-starter-web-2.7.2.jar:/Users/lokesh.jain/.m2/repository/org/springframework/boot/spring-boot-starter/2.7.2/spring-boot-starter-2.7.2.jar:/Users/lokesh.jain/.m2/repository/org/springframework/boot/spring-boot/2.7.2/spring-boot-2.7.2.jar:/Users/lokesh.jain/.m2/repository/org/springframework/boot/spring-boot-autoconfigure/2.7.2/spring-boot-autoconfigure-2.7.2.jar:/Users/lokesh.jain/.m2/repository/org/springframework/boot/spring-boot-starter-logging/2.7.2/spring-boot-starter-logging-2.7.2.jar:/Users/lokesh.jain/.m2/repository/ch/qos/logback/logback-classic/1.2.11/logback-classic-1.2.11.jar:/Users/lokesh.jain/.m2/repository/ch/qos/logback/logback-core/1.2.11/logback-core-1.2.11.jar:/Users/lokesh.jain/.m2/repository/org/apache/logging/log4j/log4j-to-slf4j/2.17.2/log4j-to-slf4j-2.17.2.jar:/Users/lokesh.jain/.m2/repository/org/apache/logging/log4j/log4j-api/2.17.2/log4j-api-2.17.2.jar:/Users/lokesh.jain/.m2/repository/org/slf4j/jul-to-slf4j/1.7.36/jul-to-slf4j-1.7.36.jar:/Users/lokesh.jain/.m2/repository/jakarta/annotation/jakarta.annotation-api/1.3.5/jakarta.annotation-api-1.3.5.jar:/Users/lokesh.jain/.m2/repository/org/yaml/snakeyaml/1.30/snakeyaml-1.30.jar:/Users/lokesh.jain/.m2/repository/org/springframework/boot/spring-boot-starter-json/2.7.2/spring-boot-starter-json-2.7.2.jar:/Users/lokesh.jain/.m2/repository/com/fasterxml/jackson/datatype/jackson-datatype-jdk8/2.13.3/jackson-datatype-jdk8-2.13.3.jar:/Users/lokesh.jain/.m2/repository/com/fasterxml/jackson/datatype/jackson-datatype-jsr310/2.13.3/jackson-datatype-jsr310-2.13.3.jar:/Users/lokesh.jain/.m2/repository/com/fasterxml/jackson/module/jackson-module-parameter-names/2.13.3/jackson-module-parameter-names-2.13.3.jar:/Users/lokesh.jain/.m2/repository/org/springframework/boot/spring-boot-starter-tomcat/2.7.2/spring-boot-starter-tomcat-2.7.2.jar:/Users/lokesh.jain/.m2/repository/org/apache/tomcat/embed/tomcat-embed-core/9.0.65/tomcat-embed-core-9.0.65.jar:/Users/lokesh.jain/.m2/repository/org/apache/tomcat/embed/tomcat-embed-websocket/9.0.65/tomcat-embed-websocket-9.0.65.jar:/Users/lokesh.jain/.m2/repository/org/springframework/spring-web/5.3.22/spring-web-5.3.22.jar:/Users/lokesh.jain/.m2/repository/org/springframework/spring-beans/5.3.22/spring-beans-5.3.22.jar:/Users/lokesh.jain/.m2/repository/org/springframework/spring-webmvc/5.3.22/spring-webmvc-5.3.22.jar:/Users/lokesh.jain/.m2/repository/org/springframework/spring-aop/5.3.22/spring-aop-5.3.22.jar:/Users/lokesh.jain/.m2/repository/org/springframework/spring-context/5.3.22/spring-context-5.3.22.jar:/Users/lokesh.jain/.m2/repository/org/springframework/spring-expression/5.3.22/spring-expression-5.3.22.jar:/Users/lokesh.jain/.m2/repository/org/springframework/boot/spring-boot-starter-validation/2.7.2/spring-boot-starter-validation-2.7.2.jar:/Users/lokesh.jain/.m2/repository/org/apache/tomcat/embed/tomcat-embed-el/9.0.65/tomcat-embed-el-9.0.65.jar:/Users/lokesh.jain/.m2/repository/org/hibernate/validator/hibernate-validator/6.2.3.Final/hibernate-validator-6.2.3.Final.jar:/Users/lokesh.jain/.m2/repository/jakarta/validation/jakarta.validation-api/2.0.2/jakarta.validation-api-2.0.2.jar:/Users/lokesh.jain/.m2/repository/org/jboss/logging/jboss-logging/3.4.3.Final/jboss-logging-3.4.3.Final.jar:/Users/lokesh.jain/.m2/repository/com/fasterxml/classmate/1.5.1/classmate-1.5.1.jar:/Users/lokesh.jain/.m2/repository/org/springframework/cloud/spring-cloud-starter-openfeign/3.1.3/spring-cloud-starter-openfeign-3.1.3.jar:/Users/lokesh.jain/.m2/repository/org/springframework/cloud/spring-cloud-starter/3.1.3/spring-cloud-starter-3.1.3.jar:/Users/lokesh.jain/.m2/repository/org/springframework/cloud/spring-cloud-context/3.1.3/spring-cloud-context-3.1.3.jar:/Users/lokesh.jain/.m2/repository/org/springframework/security/spring-security-rsa/1.0.10.RELEASE/spring-security-rsa-1.0.10.RELEASE.jar:/Users/lokesh.jain/.m2/repository/org/bouncycastle/bcpkix-jdk15on/1.68/bcpkix-jdk15on-1.68.jar:/Users/lokesh.jain/.m2/repository/org/bouncycastle/bcprov-jdk15on/1.68/bcprov-jdk15on-1.68.jar:/Users/lokesh.jain/.m2/repository/org/springframework/cloud/spring-cloud-openfeign-core/3.1.3/spring-cloud-openfeign-core-3.1.3.jar:/Users/lokesh.jain/.m2/repository/org/springframework/boot/spring-boot-starter-aop/2.7.2/spring-boot-starter-aop-2.7.2.jar:/Users/lokesh.jain/.m2/repository/io/github/openfeign/form/feign-form-spring/3.8.0/feign-form-spring-3.8.0.jar:/Users/lokesh.jain/.m2/repository/io/github/openfeign/form/feign-form/3.8.0/feign-form-3.8.0.jar:/Users/lokesh.jain/.m2/repository/commons-fileupload/commons-fileupload/1.4/commons-fileupload-1.4.jar:/Users/lokesh.jain/.m2/repository/commons-io/commons-io/2.2/commons-io-2.2.jar:/Users/lokesh.jain/.m2/repository/org/springframework/cloud/spring-cloud-commons/3.1.3/spring-cloud-commons-3.1.3.jar:/Users/lokesh.jain/.m2/repository/org/springframework/security/spring-security-crypto/5.7.2/spring-security-crypto-5.7.2.jar:/Users/lokesh.jain/.m2/repository/io/github/openfeign/feign-core/11.8/feign-core-11.8.jar:/Users/lokesh.jain/.m2/repository/io/github/openfeign/feign-slf4j/11.8/feign-slf4j-11.8.jar:/Users/lokesh.jain/.m2/repository/org/springframework/retry/spring-retry/1.3.3/spring-retry-1.3.3.jar:/Users/lokesh.jain/.m2/repository/org/springframework/spring-aspects/5.3.22/spring-aspects-5.3.22.jar:/Users/lokesh.jain/.m2/repository/org/aspectj/aspectjweaver/1.9.7/aspectjweaver-1.9.7.jar:/Users/lokesh.jain/.m2/repository/org/projectlombok/lombok/1.18.24/lombok-1.18.24.jar:/Users/lokesh.jain/.m2/repository/org/springframework/boot/spring-boot-starter-test/2.7.2/spring-boot-starter-test-2.7.2.jar:/Users/lokesh.jain/.m2/repository/org/springframework/boot/spring-boot-test/2.7.2/spring-boot-test-2.7.2.jar:/Users/lokesh.jain/.m2/repository/org/springframework/boot/spring-boot-test-autoconfigure/2.7.2/spring-boot-test-autoconfigure-2.7.2.jar:/Users/lokesh.jain/.m2/repository/com/jayway/jsonpath/json-path/2.7.0/json-path-2.7.0.jar:/Users/lokesh.jain/.m2/repository/net/minidev/json-smart/2.4.8/json-smart-2.4.8.jar:/Users/lokesh.jain/.m2/repository/net/minidev/accessors-smart/2.4.8/accessors-smart-2.4.8.jar:/Users/lokesh.jain/.m2/repository/org/ow2/asm/asm/9.1/asm-9.1.jar:/Users/lokesh.jain/.m2/repository/jakarta/xml/bind/jakarta.xml.bind-api/2.3.3/jakarta.xml.bind-api-2.3.3.jar:/Users/lokesh.jain/.m2/repository/jakarta/activation/jakarta.activation-api/1.2.2/jakarta.activation-api-1.2.2.jar:/Users/lokesh.jain/.m2/repository/org/assertj/assertj-core/3.22.0/assertj-core-3.22.0.jar:/Users/lokesh.jain/.m2/repository/org/hamcrest/hamcrest/2.2/hamcrest-2.2.jar:/Users/lokesh.jain/.m2/repository/org/junit/jupiter/junit-jupiter/5.8.2/junit-jupiter-5.8.2.jar:/Users/lokesh.jain/.m2/repository/org/junit/jupiter/junit-jupiter-api/5.8.2/junit-jupiter-api-5.8.2.jar:/Users/lokesh.jain/.m2/repository/org/opentest4j/opentest4j/1.2.0/opentest4j-1.2.0.jar:/Users/lokesh.jain/.m2/repository/org/junit/platform/junit-platform-commons/1.8.2/junit-platform-commons-1.8.2.jar:/Users/lokesh.jain/.m2/repository/org/apiguardian/apiguardian-api/1.1.2/apiguardian-api-1.1.2.jar:/Users/lokesh.jain/.m2/repository/org/junit/jupiter/junit-jupiter-params/5.8.2/junit-jupiter-params-5.8.2.jar:/Users/lokesh.jain/.m2/repository/org/junit/jupiter/junit-jupiter-engine/5.8.2/junit-jupiter-engine-5.8.2.jar:/Users/lokesh.jain/.m2/repository/org/junit/platform/junit-platform-engine/1.8.2/junit-platform-engine-1.8.2.jar:/Users/lokesh.jain/.m2/repository/org/mockito/mockito-core/4.5.1/mockito-core-4.5.1.jar:/Users/lokesh.jain/.m2/repository/net/bytebuddy/byte-buddy/1.12.12/byte-buddy-1.12.12.jar:/Users/lokesh.jain/.m2/repository/net/bytebuddy/byte-buddy-agent/1.12.12/byte-buddy-agent-1.12.12.jar:/Users/lokesh.jain/.m2/repository/org/objenesis/objenesis/3.2/objenesis-3.2.jar:/Users/lokesh.jain/.m2/repository/org/mockito/mockito-junit-jupiter/4.5.1/mockito-junit-jupiter-4.5.1.jar:/Users/lokesh.jain/.m2/repository/org/skyscreamer/jsonassert/1.5.1/jsonassert-1.5.1.jar:/Users/lokesh.jain/.m2/repository/com/vaadin/external/google/android-json/0.0.20131108.vaadin1/android-json-0.0.20131108.vaadin1.jar:/Users/lokesh.jain/.m2/repository/org/springframework/spring-core/5.3.22/spring-core-5.3.22.jar:/Users/lokesh.jain/.m2/repository/org/springframework/spring-jcl/5.3.22/spring-jcl-5.3.22.jar:/Users/lokesh.jain/.m2/repository/org/springframework/spring-test/5.3.22/spring-test-5.3.22.jar:/Users/lokesh.jain/.m2/repository/org/xmlunit/xmlunit-core/2.9.0/xmlunit-core-2.9.0.jar:"/>
    <property name="sun.cpu.endian" value="little"/>
    <property name="user.home" value="/Users/lokesh.jain"/>
    <property name="user.language" value="en"/>
    <property name="java.specification.vendor" value="Oracle Corporation"/>
    <property name="java.version.date" value="2021-04-20"/>
    <property name="java.home" value="/Library/Java/JavaVirtualMachines/adoptopenjdk-11.jdk/Contents/Home"/>
    <property name="file.separator" value="/"/>
    <property name="basedir" value="/Users/lokesh.jain/Documents/Lokesh/personal-projects/marionete/service"/>
    <property name="java.vm.compressedOopsMode" value="Zero based"/>
    <property name="line.separator" value="&#10;"/>
    <property name="java.specification.name" value="Java Platform API Specification"/>
    <property name="java.vm.specification.vendor" value="Oracle Corporation"/>
    <property name="java.awt.graphicsenv" value="sun.awt.CGraphicsEnvironment"/>
    <property name="surefire.real.class.path" value="/Users/lokesh.jain/Documents/Lokesh/personal-projects/marionete/service/target/surefire/surefirebooter5478775650435105936.jar"/>
    <property name="sun.management.compiler" value="HotSpot 64-Bit Tiered Compilers"/>
    <property name="ftp.nonProxyHosts" value="local|*.local|169.254/16|*.169.254/16"/>
    <property name="java.runtime.version" value="11.0.11+9"/>
    <property name="user.name" value="lokesh.jain"/>
    <property name="path.separator" value=":"/>
    <property name="os.version" value="11.4"/>
    <property name="java.runtime.name" value="OpenJDK Runtime Environment"/>
    <property name="file.encoding" value="US-ASCII"/>
    <property name="java.vm.name" value="OpenJDK 64-Bit Server VM"/>
    <property name="java.vendor.version" value="AdoptOpenJDK-11.0.11+9"/>
    <property name="localRepository" value="/Users/lokesh.jain/.m2/repository"/>
    <property name="java.vendor.url.bug" value="https://github.com/AdoptOpenJDK/openjdk-support/issues"/>
    <property name="java.io.tmpdir" value="/var/folders/h7/pdwxpxfs1333fc8039zr6m300000gn/T/"/>
    <property name="java.version" value="11.0.11"/>
    <property name="user.dir" value="/Users/lokesh.jain/Documents/Lokesh/personal-projects/marionete/service"/>
    <property name="os.arch" value="x86_64"/>
    <property name="java.vm.specification.name" value="Java Virtual Machine Specification"/>
    <property name="java.awt.printerjob" value="sun.lwawt.macosx.CPrinterJob"/>
    <property name="sun.os.patch.level" value="unknown"/>
    <property name="java.library.path" value="/Users/lokesh.jain/Library/Java/Extensions:/Library/Java/Extensions:/Network/Library/Java/Extensions:/System/Library/Java/Extensions:/usr/lib/java:."/>
    <property name="java.vm.info" value="mixed mode"/>
    <property name="java.vendor" value="AdoptOpenJDK"/>
    <property name="java.vm.version" value="11.0.11+9"/>
    <property name="sun.io.unicode.encoding" value="UnicodeBig"/>
    <property name="java.class.version" value="55.0"/>
    <property name="socksNonProxyHosts" value="local|*.local|169.254/16|*.169.254/16"/>
  </properties>
  <testcase name="fetchUserDetails_GRPC_FAILURE" classname="com.marionete.service.service.impl.AccountServiceImplTest" time="0.004"/>
  <testcase name="fetchUserDetails_SUCCESS" classname="com.marionete.service.service.impl.AccountServiceImplTest" time="0.013"/>
</testsuite>